<?xml version="1.0" encoding="UTF-8"?>
<testsuite name="lab6.features.search.NavigationToAnItemStory" tests="1" skipped="0" failures="0" errors="0" timestamp="2023-11-24T15:15:32" hostname="Russ-MacBook-Air.local" time="9.018">
  <properties/>
  <testcase name="navigateToAnItem" classname="lab6.features.search.NavigationToAnItemStory" time="9.018"/>
  <system-out><![CDATA[]]></system-out>
  <system-err><![CDATA[Nov 24, 2023 5:15:32 PM org.openqa.selenium.remote.DesiredCapabilities chrome
INFO: Using `new ChromeOptions()` is preferred to `DesiredCapabilities.chrome()`
Nov 24, 2023 5:15:36 PM org.openqa.selenium.remote.ProtocolHandshake createSession
INFO: Detected dialect: W3C
]]></system-err>
</testsuite>
