<?xml version="1.0" encoding="UTF-8"?>
<testsuite name="lab6.features.search.LoginInvalidStory" tests="1" skipped="0" failures="0" errors="0" timestamp="2023-11-24T15:15:14" hostname="Russ-MacBook-Air.local" time="8.642">
  <properties/>
  <testcase name="unsuccessful_login" classname="lab6.features.search.LoginInvalidStory" time="8.642"/>
  <system-out><![CDATA[]]></system-out>
  <system-err><![CDATA[Nov 24, 2023 5:15:14 PM org.openqa.selenium.remote.DesiredCapabilities chrome
INFO: Using `new ChromeOptions()` is preferred to `DesiredCapabilities.chrome()`
Nov 24, 2023 5:15:18 PM org.openqa.selenium.remote.ProtocolHandshake createSession
INFO: Detected dialect: W3C
]]></system-err>
</testsuite>
