<?xml version="1.0" encoding="UTF-8"?>
<testsuite name="lab6.features.search.SearchProductStory" tests="4" skipped="0" failures="0" errors="0" timestamp="2023-11-24T15:15:41" hostname="Russ-MacBook-Air.local" time="33.31">
  <properties/>
  <testcase name="searchForAproduct[0]" classname="lab6.features.search.SearchProductStory" time="7.588"/>
  <testcase name="searchForAproduct[1]" classname="lab6.features.search.SearchProductStory" time="8.795"/>
  <testcase name="searchForAproduct[2]" classname="lab6.features.search.SearchProductStory" time="7.898"/>
  <testcase name="searchForAproduct[3]" classname="lab6.features.search.SearchProductStory" time="8.781"/>
  <system-out><![CDATA[]]></system-out>
  <system-err><![CDATA[Nov 24, 2023 5:15:41 PM org.openqa.selenium.remote.DesiredCapabilities chrome
INFO: Using `new ChromeOptions()` is preferred to `DesiredCapabilities.chrome()`
Nov 24, 2023 5:15:45 PM org.openqa.selenium.remote.ProtocolHandshake createSession
INFO: Detected dialect: W3C
Nov 24, 2023 5:15:49 PM org.openqa.selenium.remote.DesiredCapabilities chrome
INFO: Using `new ChromeOptions()` is preferred to `DesiredCapabilities.chrome()`
Nov 24, 2023 5:15:53 PM org.openqa.selenium.remote.ProtocolHandshake createSession
INFO: Detected dialect: W3C
Nov 24, 2023 5:15:58 PM org.openqa.selenium.remote.DesiredCapabilities chrome
INFO: Using `new ChromeOptions()` is preferred to `DesiredCapabilities.chrome()`
Nov 24, 2023 5:16:02 PM org.openqa.selenium.remote.ProtocolHandshake createSession
INFO: Detected dialect: W3C
Nov 24, 2023 5:16:06 PM org.openqa.selenium.remote.DesiredCapabilities chrome
INFO: Using `new ChromeOptions()` is preferred to `DesiredCapabilities.chrome()`
Nov 24, 2023 5:16:10 PM org.openqa.selenium.remote.ProtocolHandshake createSession
INFO: Detected dialect: W3C
]]></system-err>
</testsuite>
